<?xml version="1.0" encoding="UTF-8"?>
<!-- Generated by org.testng.reporters.JUnitReportReporter -->
<testsuite hostname="ShubhamShiv007" failures="0" tests="1" name="createContacts.createContactPOM" time="11.605" errors="0" timestamp="2024-06-19T14:35:51 IST" skipped="0">
  <testcase classname="createContacts.createContactPOM" name="createContact" time="11.605"/>
  <system-out/>
</testsuite> <!-- createContacts.createContactPOM -->
